<?xml version="1.0" encoding="UTF-8"?>
<testsuite name="SimpleBankSystemTest" tests="1" skipped="0" failures="0" errors="0" timestamp="2022-03-18T13:26:43" hostname="vietanh-vostro-15-3515" time="0.937">
  <properties/>
  <testcase name="start" classname="SimpleBankSystemTest" time="0.937"/>
  <system-out><![CDATA[?[1;31m
Start test 1?[0m
1. Create an account
2. Log into account
0. Exit
> 0

Bye!
?[1;31m
Start test 2?[0m
1. Create an account
2. Log into account
0. Exit
> 0

Bye!
?[1;31m
Start test 3?[0m
1. Create an account
2. Log into account
0. Exit
> 0

Bye!
?[1;31m
Start test 4?[0m
1. Create an account
2. Log into account
0. Exit
> 0

Bye!
?[1;31m
Start test 5?[0m
1. Create an account
2. Log into account
0. Exit
> 1

Your card has been created
Your card number:
4000008351397133
Your card PIN:
4362

1. Create an account
2. Log into account
0. Exit
> 1

Your card has been created
Your card number:
4000009557885996
Your card PIN:
8211

1. Create an account
2. Log into account
0. Exit
> 1

Your card has been created
Your card number:
4000003037550601
Your card PIN:
6514

1. Create an account
2. Log into account
0. Exit
> 1

Your card has been created
Your card number:
4000005192843663
Your card PIN:
9923

1. Create an account
2. Log into account
0. Exit
> 1

Your card has been created
Your card number:
4000009728188858
Your card PIN:
7609

1. Create an account
2. Log into account
0. Exit
> 0

Bye!
4000008351397133
4000009557885996
4000003037550601
4000005192843663
4000009728188858
?[1;31m
Start test 6?[0m
1. Create an account
2. Log into account
0. Exit
> 1

Your card has been created
Your card number:
4000005228182110
Your card PIN:
2137

1. Create an account
2. Log into account
0. Exit
> 2

Enter your card number:
> 4000005228182110
Enter your PIN:
> 2137

You have successfully logged in!

1. Balance
2. Add income
3. Do transfer
4. Close account
5. Log out
0. Exit
> 0

Bye!
?[1;31m
Start test 7?[0m
1. Create an account
2. Log into account
0. Exit
> 1

Your card has been created
Your card number:
4000002767609454
Your card PIN:
5016

1. Create an account
2. Log into account
0. Exit
> 2

Enter your card number:
> 4000002767609454
Enter your PIN:
> 9353

Wrong card number or PIN!

1. Create an account
2. Log into account
0. Exit
> 0

Bye!
?[1;31m
Start test 8?[0m
1. Create an account
2. Log into account
0. Exit
> 1

Your card has been created
Your card number:
4000001995985322
Your card PIN:
4774

1. Create an account
2. Log into account
0. Exit
> 2

Enter your card number:
> 400000676099853
Enter your PIN:
> 4774

Wrong card number or PIN!

1. Create an account
2. Log into account
0. Exit
> 0

Bye!
?[1;31m
Start test 9?[0m
1. Create an account
2. Log into account
0. Exit
> 1

Your card has been created
Your card number:
4000003970688095
Your card PIN:
1786

1. Create an account
2. Log into account
0. Exit
> 2

Enter your card number:
> 4000003970688095
Enter your PIN:
> 1786

You have successfully logged in!

1. Balance
2. Add income
3. Do transfer
4. Close account
5. Log out
0. Exit
> 1

Balance: 0

1. Balance
2. Add income
3. Do transfer
4. Close account
5. Log out
0. Exit
> 0

Bye!
?[1;31m
Start test 10?[0m
1. Create an account
2. Log into account
0. Exit
> 1

Your card has been created
Your card number:
4000000876595747
Your card PIN:
9336

1. Create an account
2. Log into account
0. Exit
> 2

Enter your card number:
> 4000000876595747
Enter your PIN:
> 9336

You have successfully logged in!

1. Balance
2. Add income
3. Do transfer
4. Close account
5. Log out
0. Exit
> 2

Enter income:
> 10000
Income was added!

1. Balance
2. Add income
3. Do transfer
4. Close account
5. Log out
0. Exit
> 0

Bye!
1. Create an account
2. Log into account
0. Exit
> 2

Enter your card number:
> 4000000876595747
Enter your PIN:
> 9336

You have successfully logged in!

1. Balance
2. Add income
3. Do transfer
4. Close account
5. Log out
0. Exit
> 2

Enter income:
> 15000
Income was added!

1. Balance
2. Add income
3. Do transfer
4. Close account
5. Log out
0. Exit
> 0

Bye!
?[1;31m
Start test 11?[0m
1. Create an account
2. Log into account
0. Exit
> 1

Your card has been created
Your card number:
4000008326915480
Your card PIN:
2640

1. Create an account
2. Log into account
0. Exit
> 1

Your card has been created
Your card number:
4000005590795432
Your card PIN:
8845

1. Create an account
2. Log into account
0. Exit
> 2

Enter your card number:
> 4000005590795432
Enter your PIN:
> 8845

You have successfully logged in!

1. Balance
2. Add income
3. Do transfer
4. Close account
5. Log out
0. Exit
> 3

Transfer
Enter card number:
> 2000007269641764
Probably you made a mistake in the card number.
Please try again!

1. Balance
2. Add income
3. Do transfer
4. Close account
5. Log out
0. Exit
> 3

Transfer
Enter card number:
> 2000007269641768
Such a card does not exist.

1. Balance
2. Add income
3. Do transfer
4. Close account
5. Log out
0. Exit
> 3

Transfer
Enter card number:
> 4000008326915480
Enter how much money you want to transfer:
> 100000
Not enough money!

1. Balance
2. Add income
3. Do transfer
4. Close account
5. Log out
0. Exit
> 2

Enter income:
> 20000
Income was added!

1. Balance
2. Add income
3. Do transfer
4. Close account
5. Log out
0. Exit
> 3

Transfer
Enter card number:
> 4000008326915480
Enter how much money you want to transfer:
> 10000
Success!

1. Balance
2. Add income
3. Do transfer
4. Close account
5. Log out
0. Exit
> 0

Bye!
?[1;31m
Start test 12?[0m
1. Create an account
2. Log into account
0. Exit
> 1

Your card has been created
Your card number:
4000001241053875
Your card PIN:
7860

1. Create an account
2. Log into account
0. Exit
> 2

Enter your card number:
> 4000001241053875
Enter your PIN:
> 7860

You have successfully logged in!

1. Balance
2. Add income
3. Do transfer
4. Close account
5. Log out
0. Exit
> 4

The account has been closed!

1. Create an account
2. Log into account
0. Exit
> 0

Bye!
]]></system-out>
  <system-err><![CDATA[]]></system-err>
</testsuite>
